# JRE version: OpenJDK Runtime Environment (8.0_112-b06) (build 1.8.0_112-release-b06)
# Java VM: OpenJDK 64-Bit Server VM (25.112-b06 mixed mode windows-amd64 compressed oops)
Heap:
 PSYoungGen      total 313344K, used 3547K [0x00000000e0000000, 0x00000000f9180000, 0x0000000100000000)
  eden space 309760K, 0% used [0x00000000e0000000,0x00000000e0000000,0x00000000f2e80000)
  from space 3584K, 98% used [0x00000000f3700000,0x00000000f3a76e70,0x00000000f3a80000)
  to   space 50688K, 0% used [0x00000000f6000000,0x00000000f6000000,0x00000000f9180000)
 ParOldGen       total 535040K, used 508651K [0x00000000a0000000, 0x00000000c0a80000, 0x00000000e0000000)
  object space 535040K, 95% used [0x00000000a0000000,0x00000000bf0bac68,0x00000000c0a80000)
 Metaspace       used 104672K, capacity 118748K, committed 123008K, reserved 1157120K
  class space    used 12275K, capacity 13460K, committed 14976K, reserved 1048576K
GC Heap History (10 events):
Event: 37063.023 GC heap after
Heap after GC invocations=521 (full 22):
 PSYoungGen      total 364032K, used 17674K [0x00000000e0000000, 0x00000000fc300000, 0x0000000100000000)
  eden space 346112K, 0% used [0x00000000e0000000,0x00000000e0000000,0x00000000f5200000)
  from space 17920K, 98% used [0x00000000f5b80000,0x00000000f6cc28c8,0x00000000f6d00000)
  to   space 57856K, 0% used [0x00000000f8a80000,0x00000000f8a80000,0x00000000fc300000)
 ParOldGen       total 535040K, used 472246K [0x00000000a0000000, 0x00000000c0a80000, 0x00000000e0000000)
  object space 535040K, 88% used [0x00000000a0000000,0x00000000bcd2db40,0x00000000c0a80000)
 Metaspace       used 104638K, capacity 118660K, committed 123008K, reserved 1157120K
  class space    used 12267K, capacity 13452K, committed 14976K, reserved 1048576K
}
Event: 37066.644 GC heap before
{Heap before GC invocations=522 (full 22):
 PSYoungGen      total 364032K, used 363786K [0x00000000e0000000, 0x00000000fc300000, 0x0000000100000000)
  eden space 346112K, 100% used [0x00000000e0000000,0x00000000f5200000,0x00000000f5200000)
  from space 17920K, 98% used [0x00000000f5b80000,0x00000000f6cc28c8,0x00000000f6d00000)
  to   space 57856K, 0% used [0x00000000f8a80000,0x00000000f8a80000,0x00000000fc300000)
 ParOldGen       total 535040K, used 472246K [0x00000000a0000000, 0x00000000c0a80000, 0x00000000e0000000)
  object space 535040K, 88% used [0x00000000a0000000,0x00000000bcd2db40,0x00000000c0a80000)
 Metaspace       used 104638K, capacity 118660K, committed 123008K, reserved 1157120K
  class space    used 12267K, capacity 13452K, committed 14976K, reserved 1048576K
Event: 37066.673 GC heap after
Heap after GC invocations=522 (full 22):
 PSYoungGen      total 380416K, used 8476K [0x00000000e0000000, 0x00000000fb580000, 0x0000000100000000)
  eden space 336384K, 0% used [0x00000000e0000000,0x00000000e0000000,0x00000000f4880000)
  from space 44032K, 19% used [0x00000000f8a80000,0x00000000f92c73a8,0x00000000fb580000)
  to   space 55808K, 0% used [0x00000000f4880000,0x00000000f4880000,0x00000000f7f00000)
 ParOldGen       total 535040K, used 488784K [0x00000000a0000000, 0x00000000c0a80000, 0x00000000e0000000)
  object space 535040K, 91% used [0x00000000a0000000,0x00000000bdd54320,0x00000000c0a80000)
 Metaspace       used 104638K, capacity 118660K, committed 123008K, reserved 1157120K
  class space    used 12267K, capacity 13452K, committed 14976K, reserved 1048576K
}
Event: 37246.893 GC heap before
{Heap before GC invocations=523 (full 22):
 PSYoungGen      total 380416K, used 344852K [0x00000000e0000000, 0x00000000fb580000, 0x0000000100000000)
  eden space 336384K, 99% used [0x00000000e0000000,0x00000000f487dd48,0x00000000f4880000)
  from space 44032K, 19% used [0x00000000f8a80000,0x00000000f92c73a8,0x00000000fb580000)
  to   space 55808K, 0% used [0x00000000f4880000,0x00000000f4880000,0x00000000f7f00000)
 ParOldGen       total 535040K, used 488784K [0x00000000a0000000, 0x00000000c0a80000, 0x00000000e0000000)
  object space 535040K, 91% used [0x00000000a0000000,0x00000000bdd54320,0x00000000c0a80000)
 Metaspace       used 104669K, capacity 118748K, committed 123008K, reserved 1157120K
  class space    used 12275K, capacity 13460K, committed 14976K, reserved 1048576K
Event: 37246.908 GC heap after
Heap after GC invocations=523 (full 22):
 PSYoungGen      total 333824K, used 6649K [0x00000000e0000000, 0x00000000fa880000, 0x0000000100000000)
  eden space 327168K, 0% used [0x00000000e0000000,0x00000000e0000000,0x00000000f3f80000)
  from space 6656K, 99% used [0x00000000f4880000,0x00000000f4efe440,0x00000000f4f00000)
  to   space 53760K, 0% used [0x00000000f7400000,0x00000000f7400000,0x00000000fa880000)
 ParOldGen       total 535040K, used 489576K [0x00000000a0000000, 0x00000000c0a80000, 0x00000000e0000000)
  object space 535040K, 91% used [0x00000000a0000000,0x00000000bde1a3b0,0x00000000c0a80000)
 Metaspace       used 104669K, capacity 118748K, committed 123008K, reserved 1157120K
  class space    used 12275K, capacity 13460K, committed 14976K, reserved 1048576K
}
Event: 37249.130 GC heap before
{Heap before GC invocations=524 (full 22):
 PSYoungGen      total 333824K, used 333817K [0x00000000e0000000, 0x00000000fa880000, 0x0000000100000000)
  eden space 327168K, 100% used [0x00000000e0000000,0x00000000f3f80000,0x00000000f3f80000)
  from space 6656K, 99% used [0x00000000f4880000,0x00000000f4efe440,0x00000000f4f00000)
  to   space 53760K, 0% used [0x00000000f7400000,0x00000000f7400000,0x00000000fa880000)
 ParOldGen       total 535040K, used 489576K [0x00000000a0000000, 0x00000000c0a80000, 0x00000000e0000000)
  object space 535040K, 91% used [0x00000000a0000000,0x00000000bde1a3b0,0x00000000c0a80000)
 Metaspace       used 104669K, capacity 118748K, committed 123008K, reserved 1157120K
  class space    used 12275K, capacity 13460K, committed 14976K, reserved 1048576K
Event: 37249.158 GC heap after
Heap after GC invocations=524 (full 22):
 PSYoungGen      total 360448K, used 21904K [0x00000000e0000000, 0x00000000f9d00000, 0x0000000100000000)
  eden space 318464K, 0% used [0x00000000e0000000,0x00000000e0000000,0x00000000f3700000)
  from space 41984K, 52% used [0x00000000f7400000,0x00000000f8964200,0x00000000f9d00000)
  to   space 52224K, 0% used [0x00000000f3700000,0x00000000f3700000,0x00000000f6a00000)
 ParOldGen       total 535040K, used 495149K [0x00000000a0000000, 0x00000000c0a80000, 0x00000000e0000000)
  object space 535040K, 92% used [0x00000000a0000000,0x00000000be38b610,0x00000000c0a80000)
 Metaspace       used 104669K, capacity 118748K, committed 123008K, reserved 1157120K
  class space    used 12275K, capacity 13460K, committed 14976K, reserved 1048576K
}
Event: 37251.796 GC heap before
{Heap before GC invocations=525 (full 22):
 PSYoungGen      total 360448K, used 340368K [0x00000000e0000000, 0x00000000f9d00000, 0x0000000100000000)
  eden space 318464K, 100% used [0x00000000e0000000,0x00000000f3700000,0x00000000f3700000)
  from space 41984K, 52% used [0x00000000f7400000,0x00000000f8964200,0x00000000f9d00000)
  to   space 52224K, 0% used [0x00000000f3700000,0x00000000f3700000,0x00000000f6a00000)
 ParOldGen       total 535040K, used 495149K [0x00000000a0000000, 0x00000000c0a80000, 0x00000000e0000000)
  object space 535040K, 92% used [0x00000000a0000000,0x00000000be38b610,0x00000000c0a80000)
 Metaspace       used 104672K, capacity 118748K, committed 123008K, reserved 1157120K
  class space    used 12275K, capacity 13460K, committed 14976K, reserved 1048576K
Event: 37251.815 GC heap after
Heap after GC invocations=525 (full 22):
 PSYoungGen      total 313344K, used 3547K [0x00000000e0000000, 0x00000000f9180000, 0x0000000100000000)
  eden space 309760K, 0% used [0x00000000e0000000,0x00000000e0000000,0x00000000f2e80000)
  from space 3584K, 98% used [0x00000000f3700000,0x00000000f3a76e70,0x00000000f3a80000)
  to   space 50688K, 0% used [0x00000000f6000000,0x00000000f6000000,0x00000000f9180000)
 ParOldGen       total 535040K, used 508651K [0x00000000a0000000, 0x00000000c0a80000, 0x00000000e0000000)
  object space 535040K, 95% used [0x00000000a0000000,0x00000000bf0bac68,0x00000000c0a80000)
 Metaspace       used 104672K, capacity 118748K, committed 123008K, reserved 1157120K
  class space    used 12275K, capacity 13460K, committed 14976K, reserved 1048576K
}
Event: 37251.815 GC heap before
{Heap before GC invocations=526 (full 23):
 PSYoungGen      total 313344K, used 3547K [0x00000000e0000000, 0x00000000f9180000, 0x0000000100000000)
  eden space 309760K, 0% used [0x00000000e0000000,0x00000000e0000000,0x00000000f2e80000)
  from space 3584K, 98% used [0x00000000f3700000,0x00000000f3a76e70,0x00000000f3a80000)
  to   space 50688K, 0% used [0x00000000f6000000,0x00000000f6000000,0x00000000f9180000)
 ParOldGen       total 535040K, used 508651K [0x00000000a0000000, 0x00000000c0a80000, 0x00000000e0000000)
  object space 535040K, 95% used [0x00000000a0000000,0x00000000bf0bac68,0x00000000c0a80000)
 Metaspace       used 104672K, capacity 118748K, committed 123008K, reserved 1157120K
  class space    used 12275K, capacity 13460K, committed 14976K, reserved 1048576K

